{"/home/etec/Documentos/pastillero/eslint.config.js": {"path":"/home/etec/Documentos/pastillero/eslint.config.js","statementMap":{"0":{"start":{"line":2,"column":25},"end":{"line":2,"column":49}},"1":{"start":{"line":3,"column":19},"end":{"line":3,"column":53}},"2":{"start":{"line":5,"column":0},"end":{"line":10,"column":3}}},"fnMap":{},"branchMap":{},"s":{"0":0,"1":0,"2":0},"f":{},"b":{}}
,"/home/etec/Documentos/pastillero/app/+not-found.tsx": {"path":"/home/etec/Documentos/pastillero/app/+not-found.tsx","statementMap":{"0":{"start":{"line":8,"column":2},"end":{"line":18,"column":4}},"1":{"start":{"line":21,"column":15},"end":{"line":32,"column":2}}},"fnMap":{"0":{"name":"NotFoundScreen","decl":{"start":{"line":7,"column":24},"end":{"line":7,"column":38}},"loc":{"start":{"line":7,"column":41},"end":{"line":19,"column":1}},"line":7}},"branchMap":{},"s":{"0":0,"1":0},"f":{"0":0},"b":{}}
,"/home/etec/Documentos/pastillero/app/_layout.tsx": {"path":"/home/etec/Documentos/pastillero/app/_layout.tsx","statementMap":{"0":{"start":{"line":10,"column":22},"end":{"line":10,"column":38}},"1":{"start":{"line":19,"column":2},"end":{"line":28,"column":4}}},"fnMap":{"0":{"name":"RootLayout","decl":{"start":{"line":9,"column":24},"end":{"line":9,"column":34}},"loc":{"start":{"line":9,"column":37},"end":{"line":29,"column":1}},"line":9}},"branchMap":{"0":{"loc":{"start":{"line":20,"column":26},"end":{"line":20,"column":75}},"type":"cond-expr","locations":[{"start":{"line":20,"column":51},"end":{"line":20,"column":60}},{"start":{"line":20,"column":63},"end":{"line":20,"column":75}}],"line":20}},"s":{"0":0,"1":0},"f":{"0":0},"b":{"0":[0,0]}}
,"/home/etec/Documentos/pastillero/app/index.tsx": {"path":"/home/etec/Documentos/pastillero/app/index.tsx","statementMap":{"0":{"start":{"line":5,"column":26},"end":{"line":5,"column":86}},"1":{"start":{"line":5,"column":63},"end":{"line":5,"column":86}},"2":{"start":{"line":10,"column":2},"end":{"line":14,"column":4}},"3":{"start":{"line":18,"column":15},"end":{"line":25,"column":2}}},"fnMap":{"0":{"name":"(anonymous_0)","decl":{"start":{"line":5,"column":26},"end":{"line":5,"column":27}},"loc":{"start":{"line":5,"column":63},"end":{"line":5,"column":86}},"line":5},"1":{"name":"HomeScreen","decl":{"start":{"line":9,"column":24},"end":{"line":9,"column":34}},"loc":{"start":{"line":9,"column":37},"end":{"line":15,"column":1}},"line":9}},"branchMap":{},"s":{"0":0,"1":0,"2":0,"3":0},"f":{"0":0,"1":0},"b":{}}
,"/home/etec/Documentos/pastillero/app/(tabs)/_layout.tsx": {"path":"/home/etec/Documentos/pastillero/app/(tabs)/_layout.tsx","statementMap":{"0":{"start":{"line":10,"column":22},"end":{"line":10,"column":38}},"1":{"start":{"line":19,"column":2},"end":{"line":28,"column":4}}},"fnMap":{"0":{"name":"RootLayout","decl":{"start":{"line":9,"column":24},"end":{"line":9,"column":34}},"loc":{"start":{"line":9,"column":37},"end":{"line":29,"column":1}},"line":9}},"branchMap":{"0":{"loc":{"start":{"line":20,"column":26},"end":{"line":20,"column":75}},"type":"cond-expr","locations":[{"start":{"line":20,"column":51},"end":{"line":20,"column":60}},{"start":{"line":20,"column":63},"end":{"line":20,"column":75}}],"line":20}},"s":{"0":0,"1":0},"f":{"0":0},"b":{"0":[0,0]}}
,"/home/etec/Documentos/pastillero/app/(tabs)/explore.tsx": {"path":"/home/etec/Documentos/pastillero/app/(tabs)/explore.tsx","statementMap":{"0":{"start":{"line":12,"column":2},"end":{"line":96,"column":4}},"1":{"start":{"line":99,"column":15},"end":{"line":110,"column":2}}},"fnMap":{"0":{"name":"TabTwoScreen","decl":{"start":{"line":11,"column":24},"end":{"line":11,"column":36}},"loc":{"start":{"line":11,"column":39},"end":{"line":97,"column":1}},"line":11}},"branchMap":{},"s":{"0":0,"1":0},"f":{"0":0},"b":{}}
,"/home/etec/Documentos/pastillero/app/(tabs)/index.tsx": {"path":"/home/etec/Documentos/pastillero/app/(tabs)/index.tsx","statementMap":{"0":{"start":{"line":29,"column":19},"end":{"line":33,"column":1}},"1":{"start":{"line":30,"column":16},"end":{"line":30,"column":56}},"2":{"start":{"line":31,"column":18},"end":{"line":31,"column":60}},"3":{"start":{"line":32,"column":2},"end":{"line":32,"column":31}},"4":{"start":{"line":37,"column":30},"end":{"line":37,"column":51}},"5":{"start":{"line":38,"column":42},"end":{"line":38,"column":82}},"6":{"start":{"line":39,"column":40},"end":{"line":39,"column":60}},"7":{"start":{"line":40,"column":22},"end":{"line":40,"column":48}},"8":{"start":{"line":41,"column":40},"end":{"line":41,"column":64}},"9":{"start":{"line":42,"column":38},"end":{"line":42,"column":62}},"10":{"start":{"line":43,"column":44},"end":{"line":43,"column":68}},"11":{"start":{"line":44,"column":56},"end":{"line":44,"column":80}},"12":{"start":{"line":45,"column":48},"end":{"line":45,"column":77}},"13":{"start":{"line":46,"column":32},"end":{"line":46,"column":119}},"14":{"start":{"line":47,"column":46},"end":{"line":47,"column":75}},"15":{"start":{"line":50,"column":20},"end":{"line":50,"column":32}},"16":{"start":{"line":52,"column":2},"end":{"line":56,"column":9}},"17":{"start":{"line":53,"column":4},"end":{"line":55,"column":6}},"18":{"start":{"line":54,"column":6},"end":{"line":54,"column":32}},"19":{"start":{"line":58,"column":2},"end":{"line":63,"column":18}},"20":{"start":{"line":59,"column":4},"end":{"line":62,"column":5}},"21":{"start":{"line":60,"column":6},"end":{"line":60,"column":44}},"22":{"start":{"line":61,"column":6},"end":{"line":61,"column":42}},"23":{"start":{"line":66,"column":2},"end":{"line":84,"column":45}},"24":{"start":{"line":67,"column":4},"end":{"line":83,"column":5}},"25":{"start":{"line":68,"column":6},"end":{"line":82,"column":8}},"26":{"start":{"line":72,"column":47},"end":{"line":72,"column":100}},"27":{"start":{"line":72,"column":70},"end":{"line":72,"column":100}},"28":{"start":{"line":74,"column":14},"end":{"line":78,"column":15}},"29":{"start":{"line":75,"column":16},"end":{"line":75,"column":51}},"30":{"start":{"line":76,"column":16},"end":{"line":76,"column":46}},"31":{"start":{"line":77,"column":16},"end":{"line":77,"column":41}},"32":{"start":{"line":87,"column":22},"end":{"line":96,"column":3}},"33":{"start":{"line":88,"column":4},"end":{"line":95,"column":5}},"34":{"start":{"line":89,"column":6},"end":{"line":89,"column":33}},"35":{"start":{"line":92,"column":6},"end":{"line":94,"column":15}},"36":{"start":{"line":93,"column":8},"end":{"line":93,"column":48}},"37":{"start":{"line":93,"column":31},"end":{"line":93,"column":48}},"38":{"start":{"line":98,"column":33},"end":{"line":124,"column":3}},"39":{"start":{"line":99,"column":4},"end":{"line":123,"column":5}},"40":{"start":{"line":100,"column":6},"end":{"line":118,"column":7}},"41":{"start":{"line":101,"column":8},"end":{"line":107,"column":10}},"42":{"start":{"line":103,"column":12},"end":{"line":105,"column":21}},"43":{"start":{"line":108,"column":8},"end":{"line":108,"column":32}},"44":{"start":{"line":109,"column":8},"end":{"line":109,"column":64}},"45":{"start":{"line":111,"column":32},"end":{"line":115,"column":9}},"46":{"start":{"line":116,"column":8},"end":{"line":116,"column":41}},"47":{"start":{"line":117,"column":8},"end":{"line":117,"column":61}},"48":{"start":{"line":119,"column":6},"end":{"line":119,"column":46}},"49":{"start":{"line":120,"column":6},"end":{"line":120,"column":25}},"50":{"start":{"line":122,"column":6},"end":{"line":122,"column":76}},"51":{"start":{"line":126,"column":26},"end":{"line":130,"column":3}},"52":{"start":{"line":127,"column":4},"end":{"line":127,"column":32}},"53":{"start":{"line":128,"column":4},"end":{"line":128,"column":32}},"54":{"start":{"line":129,"column":4},"end":{"line":129,"column":35}},"55":{"start":{"line":132,"column":28},"end":{"line":135,"column":3}},"56":{"start":{"line":133,"column":4},"end":{"line":133,"column":57}},"57":{"start":{"line":133,"column":39},"end":{"line":133,"column":54}},"58":{"start":{"line":134,"column":4},"end":{"line":134,"column":58}},"59":{"start":{"line":137,"column":33},"end":{"line":149,"column":3}},"60":{"start":{"line":138,"column":4},"end":{"line":138,"column":47}},"61":{"start":{"line":138,"column":27},"end":{"line":138,"column":47}},"62":{"start":{"line":139,"column":20},"end":{"line":139,"column":45}},"63":{"start":{"line":140,"column":4},"end":{"line":148,"column":5}},"64":{"start":{"line":141,"column":6},"end":{"line":141,"column":30}},"65":{"start":{"line":142,"column":6},"end":{"line":142,"column":27}},"66":{"start":{"line":143,"column":6},"end":{"line":147,"column":7}},"67":{"start":{"line":144,"column":8},"end":{"line":144,"column":73}},"68":{"start":{"line":146,"column":8},"end":{"line":146,"column":69}},"69":{"start":{"line":151,"column":36},"end":{"line":157,"column":3}},"70":{"start":{"line":152,"column":4},"end":{"line":152,"column":33}},"71":{"start":{"line":153,"column":4},"end":{"line":156,"column":5}},"72":{"start":{"line":154,"column":6},"end":{"line":154,"column":28}},"73":{"start":{"line":155,"column":6},"end":{"line":155,"column":58}},"74":{"start":{"line":159,"column":34},"end":{"line":174,"column":3}},"75":{"start":{"line":160,"column":4},"end":{"line":163,"column":5}},"76":{"start":{"line":161,"column":6},"end":{"line":161,"column":74}},"77":{"start":{"line":162,"column":6},"end":{"line":162,"column":13}},"78":{"start":{"line":164,"column":4},"end":{"line":164,"column":50}},"79":{"start":{"line":164,"column":27},"end":{"line":164,"column":50}},"80":{"start":{"line":165,"column":20},"end":{"line":165,"column":61}},"81":{"start":{"line":166,"column":4},"end":{"line":173,"column":5}},"82":{"start":{"line":167,"column":6},"end":{"line":167,"column":30}},"83":{"start":{"line":168,"column":6},"end":{"line":172,"column":7}},"84":{"start":{"line":169,"column":8},"end":{"line":169,"column":81}},"85":{"start":{"line":171,"column":8},"end":{"line":171,"column":66}},"86":{"start":{"line":177,"column":28},"end":{"line":180,"column":3}},"87":{"start":{"line":178,"column":4},"end":{"line":178,"column":32}},"88":{"start":{"line":179,"column":4},"end":{"line":179,"column":33}},"89":{"start":{"line":183,"column":2},"end":{"line":273,"column":4}},"90":{"start":{"line":251,"column":32},"end":{"line":251,"column":50}},"91":{"start":{"line":253,"column":10},"end":{"line":266,"column":17}},"92":{"start":{"line":259,"column":47},"end":{"line":259,"column":68}},"93":{"start":{"line":262,"column":47},"end":{"line":262,"column":73}},"94":{"start":{"line":276,"column":15},"end":{"line":455,"column":2}}},"fnMap":{"0":{"name":"(anonymous_0)","decl":{"start":{"line":29,"column":19},"end":{"line":29,"column":20}},"loc":{"start":{"line":29,"column":43},"end":{"line":33,"column":1}},"line":29},"1":{"name":"Home","decl":{"start":{"line":35,"column":24},"end":{"line":35,"column":28}},"loc":{"start":{"line":35,"column":31},"end":{"line":274,"column":1}},"line":35},"2":{"name":"(anonymous_2)","decl":{"start":{"line":52,"column":12},"end":{"line":52,"column":13}},"loc":{"start":{"line":52,"column":18},"end":{"line":56,"column":3}},"line":52},"3":{"name":"(anonymous_3)","decl":{"start":{"line":53,"column":11},"end":{"line":53,"column":12}},"loc":{"start":{"line":53,"column":17},"end":{"line":55,"column":5}},"line":53},"4":{"name":"(anonymous_4)","decl":{"start":{"line":58,"column":12},"end":{"line":58,"column":13}},"loc":{"start":{"line":58,"column":18},"end":{"line":63,"column":3}},"line":58},"5":{"name":"(anonymous_5)","decl":{"start":{"line":66,"column":12},"end":{"line":66,"column":13}},"loc":{"start":{"line":66,"column":18},"end":{"line":84,"column":3}},"line":66},"6":{"name":"(anonymous_6)","decl":{"start":{"line":72,"column":39},"end":{"line":72,"column":40}},"loc":{"start":{"line":72,"column":45},"end":{"line":72,"column":102}},"line":72},"7":{"name":"(anonymous_7)","decl":{"start":{"line":73,"column":39},"end":{"line":73,"column":40}},"loc":{"start":{"line":73,"column":45},"end":{"line":79,"column":13}},"line":73},"8":{"name":"(anonymous_8)","decl":{"start":{"line":87,"column":22},"end":{"line":87,"column":23}},"loc":{"start":{"line":87,"column":88},"end":{"line":96,"column":3}},"line":87},"9":{"name":"(anonymous_9)","decl":{"start":{"line":92,"column":17},"end":{"line":92,"column":18}},"loc":{"start":{"line":92,"column":23},"end":{"line":94,"column":7}},"line":92},"10":{"name":"(anonymous_10)","decl":{"start":{"line":98,"column":33},"end":{"line":98,"column":34}},"loc":{"start":{"line":98,"column":39},"end":{"line":124,"column":3}},"line":98},"11":{"name":"(anonymous_11)","decl":{"start":{"line":102,"column":21},"end":{"line":102,"column":22}},"loc":{"start":{"line":103,"column":12},"end":{"line":105,"column":21}},"line":103},"12":{"name":"(anonymous_12)","decl":{"start":{"line":126,"column":26},"end":{"line":126,"column":27}},"loc":{"start":{"line":126,"column":44},"end":{"line":130,"column":3}},"line":126},"13":{"name":"(anonymous_13)","decl":{"start":{"line":132,"column":28},"end":{"line":132,"column":29}},"loc":{"start":{"line":132,"column":44},"end":{"line":135,"column":3}},"line":132},"14":{"name":"(anonymous_14)","decl":{"start":{"line":133,"column":28},"end":{"line":133,"column":29}},"loc":{"start":{"line":133,"column":39},"end":{"line":133,"column":54}},"line":133},"15":{"name":"(anonymous_15)","decl":{"start":{"line":137,"column":33},"end":{"line":137,"column":34}},"loc":{"start":{"line":137,"column":45},"end":{"line":149,"column":3}},"line":137},"16":{"name":"(anonymous_16)","decl":{"start":{"line":151,"column":36},"end":{"line":151,"column":37}},"loc":{"start":{"line":151,"column":48},"end":{"line":157,"column":3}},"line":151},"17":{"name":"(anonymous_17)","decl":{"start":{"line":159,"column":34},"end":{"line":159,"column":35}},"loc":{"start":{"line":159,"column":46},"end":{"line":174,"column":3}},"line":159},"18":{"name":"(anonymous_18)","decl":{"start":{"line":177,"column":28},"end":{"line":177,"column":29}},"loc":{"start":{"line":177,"column":49},"end":{"line":180,"column":3}},"line":177},"19":{"name":"(anonymous_19)","decl":{"start":{"line":251,"column":22},"end":{"line":251,"column":23}},"loc":{"start":{"line":251,"column":32},"end":{"line":251,"column":50}},"line":251},"20":{"name":"(anonymous_20)","decl":{"start":{"line":252,"column":20},"end":{"line":252,"column":21}},"loc":{"start":{"line":253,"column":10},"end":{"line":266,"column":17}},"line":253},"21":{"name":"(anonymous_21)","decl":{"start":{"line":259,"column":41},"end":{"line":259,"column":42}},"loc":{"start":{"line":259,"column":47},"end":{"line":259,"column":68}},"line":259},"22":{"name":"(anonymous_22)","decl":{"start":{"line":262,"column":41},"end":{"line":262,"column":42}},"loc":{"start":{"line":262,"column":47},"end":{"line":262,"column":73}},"line":262}},"branchMap":{"0":{"loc":{"start":{"line":59,"column":4},"end":{"line":62,"column":5}},"type":"if","locations":[{"start":{"line":59,"column":4},"end":{"line":62,"column":5}},{"start":{},"end":{}}],"line":59},"1":{"loc":{"start":{"line":59,"column":8},"end":{"line":59,"column":71}},"type":"binary-expr","locations":[{"start":{"line":59,"column":8},"end":{"line":59,"column":50}},{"start":{"line":59,"column":54},"end":{"line":59,"column":71}}],"line":59},"2":{"loc":{"start":{"line":67,"column":4},"end":{"line":83,"column":5}},"type":"if","locations":[{"start":{"line":67,"column":4},"end":{"line":83,"column":5}},{"start":{},"end":{}}],"line":67},"3":{"loc":{"start":{"line":67,"column":8},"end":{"line":67,"column":55}},"type":"binary-expr","locations":[{"start":{"line":67,"column":8},"end":{"line":67,"column":27}},{"start":{"line":67,"column":31},"end":{"line":67,"column":55}}],"line":67},"4":{"loc":{"start":{"line":72,"column":47},"end":{"line":72,"column":100}},"type":"if","locations":[{"start":{"line":72,"column":47},"end":{"line":72,"column":100}},{"start":{},"end":{}}],"line":72},"5":{"loc":{"start":{"line":74,"column":14},"end":{"line":78,"column":15}},"type":"if","locations":[{"start":{"line":74,"column":14},"end":{"line":78,"column":15}},{"start":{},"end":{}}],"line":74},"6":{"loc":{"start":{"line":88,"column":4},"end":{"line":95,"column":5}},"type":"if","locations":[{"start":{"line":88,"column":4},"end":{"line":95,"column":5}},{"start":{},"end":{}}],"line":88},"7":{"loc":{"start":{"line":93,"column":8},"end":{"line":93,"column":48}},"type":"if","locations":[{"start":{"line":93,"column":8},"end":{"line":93,"column":48}},{"start":{},"end":{}}],"line":93},"8":{"loc":{"start":{"line":99,"column":4},"end":{"line":123,"column":5}},"type":"if","locations":[{"start":{"line":99,"column":4},"end":{"line":123,"column":5}},{"start":{"line":121,"column":11},"end":{"line":123,"column":5}}],"line":99},"9":{"loc":{"start":{"line":99,"column":8},"end":{"line":99,"column":35}},"type":"binary-expr","locations":[{"start":{"line":99,"column":8},"end":{"line":99,"column":20}},{"start":{"line":99,"column":24},"end":{"line":99,"column":35}}],"line":99},"10":{"loc":{"start":{"line":100,"column":6},"end":{"line":118,"column":7}},"type":"if","locations":[{"start":{"line":100,"column":6},"end":{"line":118,"column":7}},{"start":{"line":110,"column":13},"end":{"line":118,"column":7}}],"line":100},"11":{"loc":{"start":{"line":103,"column":12},"end":{"line":105,"column":21}},"type":"cond-expr","locations":[{"start":{"line":104,"column":16},"end":{"line":104,"column":71}},{"start":{"line":105,"column":16},"end":{"line":105,"column":21}}],"line":103},"12":{"loc":{"start":{"line":138,"column":4},"end":{"line":138,"column":47}},"type":"if","locations":[{"start":{"line":138,"column":4},"end":{"line":138,"column":47}},{"start":{},"end":{}}],"line":138},"13":{"loc":{"start":{"line":140,"column":4},"end":{"line":148,"column":5}},"type":"if","locations":[{"start":{"line":140,"column":4},"end":{"line":148,"column":5}},{"start":{},"end":{}}],"line":140},"14":{"loc":{"start":{"line":143,"column":6},"end":{"line":147,"column":7}},"type":"if","locations":[{"start":{"line":143,"column":6},"end":{"line":147,"column":7}},{"start":{"line":145,"column":13},"end":{"line":147,"column":7}}],"line":143},"15":{"loc":{"start":{"line":153,"column":4},"end":{"line":156,"column":5}},"type":"if","locations":[{"start":{"line":153,"column":4},"end":{"line":156,"column":5}},{"start":{},"end":{}}],"line":153},"16":{"loc":{"start":{"line":160,"column":4},"end":{"line":163,"column":5}},"type":"if","locations":[{"start":{"line":160,"column":4},"end":{"line":163,"column":5}},{"start":{},"end":{}}],"line":160},"17":{"loc":{"start":{"line":164,"column":4},"end":{"line":164,"column":50}},"type":"if","locations":[{"start":{"line":164,"column":4},"end":{"line":164,"column":50}},{"start":{},"end":{}}],"line":164},"18":{"loc":{"start":{"line":166,"column":4},"end":{"line":173,"column":5}},"type":"if","locations":[{"start":{"line":166,"column":4},"end":{"line":173,"column":5}},{"start":{},"end":{}}],"line":166},"19":{"loc":{"start":{"line":168,"column":6},"end":{"line":172,"column":7}},"type":"if","locations":[{"start":{"line":168,"column":6},"end":{"line":172,"column":7}},{"start":{"line":170,"column":13},"end":{"line":172,"column":7}}],"line":168},"20":{"loc":{"start":{"line":191,"column":7},"end":{"line":195,"column":7}},"type":"binary-expr","locations":[{"start":{"line":191,"column":7},"end":{"line":191,"column":14}},{"start":{"line":192,"column":8},"end":{"line":194,"column":15}}],"line":191},"21":{"loc":{"start":{"line":199,"column":33},"end":{"line":199,"column":93}},"type":"cond-expr","locations":[{"start":{"line":199,"column":47},"end":{"line":199,"column":70}},{"start":{"line":199,"column":73},"end":{"line":199,"column":93}}],"line":199},"22":{"loc":{"start":{"line":200,"column":19},"end":{"line":200,"column":83}},"type":"cond-expr","locations":[{"start":{"line":200,"column":33},"end":{"line":200,"column":58}},{"start":{"line":200,"column":61},"end":{"line":200,"column":83}}],"line":200},"23":{"loc":{"start":{"line":201,"column":20},"end":{"line":201,"column":47}},"type":"binary-expr","locations":[{"start":{"line":201,"column":20},"end":{"line":201,"column":30}},{"start":{"line":201,"column":34},"end":{"line":201,"column":47}}],"line":201},"24":{"loc":{"start":{"line":204,"column":11},"end":{"line":208,"column":11}},"type":"cond-expr","locations":[{"start":{"line":205,"column":12},"end":{"line":205,"column":46}},{"start":{"line":207,"column":12},"end":{"line":207,"column":97}}],"line":204},"25":{"loc":{"start":{"line":207,"column":45},"end":{"line":207,"column":89}},"type":"cond-expr","locations":[{"start":{"line":207,"column":59},"end":{"line":207,"column":72}},{"start":{"line":207,"column":75},"end":{"line":207,"column":89}}],"line":207},"26":{"loc":{"start":{"line":211,"column":52},"end":{"line":211,"column":131}},"type":"binary-expr","locations":[{"start":{"line":211,"column":53},"end":{"line":211,"column":65}},{"start":{"line":211,"column":69},"end":{"line":211,"column":82}},{"start":{"line":211,"column":86},"end":{"line":211,"column":105}},{"start":{"line":211,"column":110},"end":{"line":211,"column":131}}],"line":211},"27":{"loc":{"start":{"line":213,"column":20},"end":{"line":213,"column":72}},"type":"binary-expr","locations":[{"start":{"line":213,"column":20},"end":{"line":213,"column":32}},{"start":{"line":213,"column":36},"end":{"line":213,"column":49}},{"start":{"line":213,"column":53},"end":{"line":213,"column":72}}],"line":213},"28":{"loc":{"start":{"line":216,"column":11},"end":{"line":220,"column":11}},"type":"cond-expr","locations":[{"start":{"line":217,"column":12},"end":{"line":217,"column":46}},{"start":{"line":219,"column":12},"end":{"line":219,"column":71}}],"line":216},"29":{"loc":{"start":{"line":244,"column":43},"end":{"line":244,"column":107}},"type":"cond-expr","locations":[{"start":{"line":244,"column":69},"end":{"line":244,"column":88}},{"start":{"line":244,"column":91},"end":{"line":244,"column":107}}],"line":244},"30":{"loc":{"start":{"line":427,"column":9},"end":{"line":427,"column":40}},"type":"cond-expr","locations":[{"start":{"line":427,"column":33},"end":{"line":427,"column":35}},{"start":{"line":427,"column":38},"end":{"line":427,"column":40}}],"line":427}},"s":{"0":0,"1":0,"2":0,"3":0,"4":0,"5":0,"6":0,"7":0,"8":0,"9":0,"10":0,"11":0,"12":0,"13":0,"14":0,"15":0,"16":0,"17":0,"18":0,"19":0,"20":0,"21":0,"22":0,"23":0,"24":0,"25":0,"26":0,"27":0,"28":0,"29":0,"30":0,"31":0,"32":0,"33":0,"34":0,"35":0,"36":0,"37":0,"38":0,"39":0,"40":0,"41":0,"42":0,"43":0,"44":0,"45":0,"46":0,"47":0,"48":0,"49":0,"50":0,"51":0,"52":0,"53":0,"54":0,"55":0,"56":0,"57":0,"58":0,"59":0,"60":0,"61":0,"62":0,"63":0,"64":0,"65":0,"66":0,"67":0,"68":0,"69":0,"70":0,"71":0,"72":0,"73":0,"74":0,"75":0,"76":0,"77":0,"78":0,"79":0,"80":0,"81":0,"82":0,"83":0,"84":0,"85":0,"86":0,"87":0,"88":0,"89":0,"90":0,"91":0,"92":0,"93":0,"94":0},"f":{"0":0,"1":0,"2":0,"3":0,"4":0,"5":0,"6":0,"7":0,"8":0,"9":0,"10":0,"11":0,"12":0,"13":0,"14":0,"15":0,"16":0,"17":0,"18":0,"19":0,"20":0,"21":0,"22":0},"b":{"0":[0,0],"1":[0,0],"2":[0,0],"3":[0,0],"4":[0,0],"5":[0,0],"6":[0,0],"7":[0,0],"8":[0,0],"9":[0,0],"10":[0,0],"11":[0,0],"12":[0,0],"13":[0,0],"14":[0,0],"15":[0,0],"16":[0,0],"17":[0,0],"18":[0,0],"19":[0,0],"20":[0,0],"21":[0,0],"22":[0,0],"23":[0,0],"24":[0,0],"25":[0,0],"26":[0,0,0,0],"27":[0,0,0],"28":[0,0],"29":[0,0],"30":[0,0]}}
,"/home/etec/Documentos/pastillero/app/conexion_bluetooh/index.ts": {"path":"/home/etec/Documentos/pastillero/app/conexion_bluetooh/index.ts","statementMap":{"0":{"start":{"line":1,"column":43},"end":{"line":1,"column":48}},"1":{"start":{"line":11,"column":33},"end":{"line":11,"column":112}}},"fnMap":{},"branchMap":{"0":{"loc":{"start":{"line":11,"column":33},"end":{"line":11,"column":112}},"type":"cond-expr","locations":[{"start":{"line":11,"column":61},"end":{"line":11,"column":88}},{"start":{"line":11,"column":90},"end":{"line":11,"column":112}}],"line":11}},"s":{"0":0,"1":0},"f":{},"b":{"0":[0,0]}}
,"/home/etec/Documentos/pastillero/components/Collapsible.tsx": {"path":"/home/etec/Documentos/pastillero/components/Collapsible.tsx","statementMap":{"0":{"start":{"line":11,"column":30},"end":{"line":11,"column":45}},"1":{"start":{"line":12,"column":16},"end":{"line":12,"column":43}},"2":{"start":{"line":14,"column":2},"end":{"line":32,"column":4}},"3":{"start":{"line":18,"column":23},"end":{"line":18,"column":51}},"4":{"start":{"line":18,"column":44},"end":{"line":18,"column":50}},"5":{"start":{"line":35,"column":15},"end":{"line":45,"column":2}}},"fnMap":{"0":{"name":"Collapsible","decl":{"start":{"line":10,"column":16},"end":{"line":10,"column":27}},"loc":{"start":{"line":10,"column":88},"end":{"line":33,"column":1}},"line":10},"1":{"name":"(anonymous_1)","decl":{"start":{"line":18,"column":17},"end":{"line":18,"column":18}},"loc":{"start":{"line":18,"column":23},"end":{"line":18,"column":51}},"line":18},"2":{"name":"(anonymous_2)","decl":{"start":{"line":18,"column":33},"end":{"line":18,"column":34}},"loc":{"start":{"line":18,"column":44},"end":{"line":18,"column":50}},"line":18}},"branchMap":{"0":{"loc":{"start":{"line":12,"column":16},"end":{"line":12,"column":43}},"type":"binary-expr","locations":[{"start":{"line":12,"column":16},"end":{"line":12,"column":32}},{"start":{"line":12,"column":36},"end":{"line":12,"column":43}}],"line":12},"1":{"loc":{"start":{"line":24,"column":17},"end":{"line":24,"column":73}},"type":"cond-expr","locations":[{"start":{"line":24,"column":37},"end":{"line":24,"column":54}},{"start":{"line":24,"column":57},"end":{"line":24,"column":73}}],"line":24},"2":{"loc":{"start":{"line":25,"column":41},"end":{"line":25,"column":66}},"type":"cond-expr","locations":[{"start":{"line":25,"column":50},"end":{"line":25,"column":57}},{"start":{"line":25,"column":60},"end":{"line":25,"column":66}}],"line":25},"3":{"loc":{"start":{"line":30,"column":7},"end":{"line":30,"column":75}},"type":"binary-expr","locations":[{"start":{"line":30,"column":7},"end":{"line":30,"column":13}},{"start":{"line":30,"column":17},"end":{"line":30,"column":75}}],"line":30}},"s":{"0":0,"1":0,"2":0,"3":0,"4":0,"5":0},"f":{"0":0,"1":0,"2":0},"b":{"0":[0,0],"1":[0,0],"2":[0,0],"3":[0,0]}}
,"/home/etec/Documentos/pastillero/components/ExternalLink.tsx": {"path":"/home/etec/Documentos/pastillero/components/ExternalLink.tsx","statementMap":{"0":{"start":{"line":9,"column":2},"end":{"line":23,"column":4}},"1":{"start":{"line":15,"column":8},"end":{"line":20,"column":9}},"2":{"start":{"line":17,"column":10},"end":{"line":17,"column":33}},"3":{"start":{"line":19,"column":10},"end":{"line":19,"column":39}}},"fnMap":{"0":{"name":"ExternalLink","decl":{"start":{"line":8,"column":16},"end":{"line":8,"column":28}},"loc":{"start":{"line":8,"column":55},"end":{"line":24,"column":1}},"line":8},"1":{"name":"(anonymous_1)","decl":{"start":{"line":14,"column":15},"end":{"line":14,"column":16}},"loc":{"start":{"line":14,"column":32},"end":{"line":21,"column":7}},"line":14}},"branchMap":{"0":{"loc":{"start":{"line":15,"column":8},"end":{"line":20,"column":9}},"type":"if","locations":[{"start":{"line":15,"column":8},"end":{"line":20,"column":9}},{"start":{},"end":{}}],"line":15}},"s":{"0":0,"1":0,"2":0,"3":0},"f":{"0":0,"1":0},"b":{"0":[0,0]}}
,"/home/etec/Documentos/pastillero/components/HapticTab.tsx": {"path":"/home/etec/Documentos/pastillero/components/HapticTab.tsx","statementMap":{"0":{"start":{"line":6,"column":2},"end":{"line":17,"column":4}},"1":{"start":{"line":10,"column":8},"end":{"line":13,"column":9}},"2":{"start":{"line":12,"column":10},"end":{"line":12,"column":65}},"3":{"start":{"line":14,"column":8},"end":{"line":14,"column":30}}},"fnMap":{"0":{"name":"HapticTab","decl":{"start":{"line":5,"column":16},"end":{"line":5,"column":25}},"loc":{"start":{"line":5,"column":58},"end":{"line":18,"column":1}},"line":5},"1":{"name":"(anonymous_1)","decl":{"start":{"line":9,"column":17},"end":{"line":9,"column":18}},"loc":{"start":{"line":9,"column":25},"end":{"line":15,"column":7}},"line":9}},"branchMap":{"0":{"loc":{"start":{"line":10,"column":8},"end":{"line":13,"column":9}},"type":"if","locations":[{"start":{"line":10,"column":8},"end":{"line":13,"column":9}},{"start":{},"end":{}}],"line":10}},"s":{"0":0,"1":0,"2":0,"3":0},"f":{"0":0,"1":0},"b":{"0":[0,0]}}
,"/home/etec/Documentos/pastillero/components/HelloWave.tsx": {"path":"/home/etec/Documentos/pastillero/components/HelloWave.tsx","statementMap":{"0":{"start":{"line":14,"column":28},"end":{"line":14,"column":45}},"1":{"start":{"line":16,"column":2},"end":{"line":21,"column":26}},"2":{"start":{"line":17,"column":4},"end":{"line":20,"column":6}},"3":{"start":{"line":23,"column":24},"end":{"line":25,"column":5}},"4":{"start":{"line":23,"column":48},"end":{"line":25,"column":3}},"5":{"start":{"line":27,"column":2},"end":{"line":31,"column":4}},"6":{"start":{"line":34,"column":15},"end":{"line":40,"column":2}}},"fnMap":{"0":{"name":"HelloWave","decl":{"start":{"line":13,"column":16},"end":{"line":13,"column":25}},"loc":{"start":{"line":13,"column":28},"end":{"line":32,"column":1}},"line":13},"1":{"name":"(anonymous_1)","decl":{"start":{"line":16,"column":12},"end":{"line":16,"column":13}},"loc":{"start":{"line":16,"column":18},"end":{"line":21,"column":3}},"line":16},"2":{"name":"(anonymous_2)","decl":{"start":{"line":23,"column":41},"end":{"line":23,"column":42}},"loc":{"start":{"line":23,"column":48},"end":{"line":25,"column":3}},"line":23}},"branchMap":{},"s":{"0":0,"1":0,"2":0,"3":0,"4":0,"5":0,"6":0},"f":{"0":0,"1":0,"2":0},"b":{}}
,"/home/etec/Documentos/pastillero/components/ParallaxScrollView.tsx": {"path":"/home/etec/Documentos/pastillero/components/ParallaxScrollView.tsx","statementMap":{"0":{"start":{"line":14,"column":22},"end":{"line":14,"column":25}},"1":{"start":{"line":26,"column":22},"end":{"line":26,"column":49}},"2":{"start":{"line":27,"column":20},"end":{"line":27,"column":57}},"3":{"start":{"line":28,"column":23},"end":{"line":28,"column":53}},"4":{"start":{"line":29,"column":17},"end":{"line":29,"column":39}},"5":{"start":{"line":30,"column":30},"end":{"line":45,"column":4}},"6":{"start":{"line":31,"column":4},"end":{"line":44,"column":6}},"7":{"start":{"line":47,"column":2},"end":{"line":65,"column":4}},"8":{"start":{"line":68,"column":15},"end":{"line":82,"column":2}}},"fnMap":{"0":{"name":"ParallaxScrollView","decl":{"start":{"line":21,"column":24},"end":{"line":21,"column":42}},"loc":{"start":{"line":25,"column":10},"end":{"line":66,"column":1}},"line":25},"1":{"name":"(anonymous_1)","decl":{"start":{"line":30,"column":47},"end":{"line":30,"column":48}},"loc":{"start":{"line":30,"column":53},"end":{"line":45,"column":3}},"line":30}},"branchMap":{"0":{"loc":{"start":{"line":26,"column":22},"end":{"line":26,"column":49}},"type":"binary-expr","locations":[{"start":{"line":26,"column":22},"end":{"line":26,"column":38}},{"start":{"line":26,"column":42},"end":{"line":26,"column":49}}],"line":26}},"s":{"0":0,"1":0,"2":0,"3":0,"4":0,"5":0,"6":0,"7":0,"8":0},"f":{"0":0,"1":0},"b":{"0":[0,0]}}
,"/home/etec/Documentos/pastillero/components/ThemedText.tsx": {"path":"/home/etec/Documentos/pastillero/components/ThemedText.tsx","statementMap":{"0":{"start":{"line":18,"column":16},"end":{"line":18,"column":77}},"1":{"start":{"line":20,"column":2},"end":{"line":33,"column":4}},"2":{"start":{"line":36,"column":15},"end":{"line":60,"column":2}}},"fnMap":{"0":{"name":"ThemedText","decl":{"start":{"line":11,"column":16},"end":{"line":11,"column":26}},"loc":{"start":{"line":17,"column":20},"end":{"line":34,"column":1}},"line":17}},"branchMap":{"0":{"loc":{"start":{"line":15,"column":2},"end":{"line":15,"column":18}},"type":"default-arg","locations":[{"start":{"line":15,"column":9},"end":{"line":15,"column":18}}],"line":15},"1":{"loc":{"start":{"line":24,"column":8},"end":{"line":24,"column":55}},"type":"cond-expr","locations":[{"start":{"line":24,"column":29},"end":{"line":24,"column":43}},{"start":{"line":24,"column":46},"end":{"line":24,"column":55}}],"line":24},"2":{"loc":{"start":{"line":25,"column":8},"end":{"line":25,"column":51}},"type":"cond-expr","locations":[{"start":{"line":25,"column":27},"end":{"line":25,"column":39}},{"start":{"line":25,"column":42},"end":{"line":25,"column":51}}],"line":25},"3":{"loc":{"start":{"line":26,"column":8},"end":{"line":26,"column":71}},"type":"cond-expr","locations":[{"start":{"line":26,"column":37},"end":{"line":26,"column":59}},{"start":{"line":26,"column":62},"end":{"line":26,"column":71}}],"line":26},"4":{"loc":{"start":{"line":27,"column":8},"end":{"line":27,"column":57}},"type":"cond-expr","locations":[{"start":{"line":27,"column":30},"end":{"line":27,"column":45}},{"start":{"line":27,"column":48},"end":{"line":27,"column":57}}],"line":27},"5":{"loc":{"start":{"line":28,"column":8},"end":{"line":28,"column":49}},"type":"cond-expr","locations":[{"start":{"line":28,"column":26},"end":{"line":28,"column":37}},{"start":{"line":28,"column":40},"end":{"line":28,"column":49}}],"line":28}},"s":{"0":0,"1":0,"2":0},"f":{"0":0},"b":{"0":[0],"1":[0,0],"2":[0,0],"3":[0,0],"4":[0,0],"5":[0,0]}}
,"/home/etec/Documentos/pastillero/components/ThemedView.tsx": {"path":"/home/etec/Documentos/pastillero/components/ThemedView.tsx","statementMap":{"0":{"start":{"line":11,"column":26},"end":{"line":11,"column":93}},"1":{"start":{"line":13,"column":2},"end":{"line":13,"column":71}}},"fnMap":{"0":{"name":"ThemedView","decl":{"start":{"line":10,"column":16},"end":{"line":10,"column":26}},"loc":{"start":{"line":10,"column":93},"end":{"line":14,"column":1}},"line":10}},"branchMap":{},"s":{"0":0,"1":0},"f":{"0":0},"b":{}}
,"/home/etec/Documentos/pastillero/components/ui/IconSymbol.ios.tsx": {"path":"/home/etec/Documentos/pastillero/components/ui/IconSymbol.ios.tsx","statementMap":{"0":{"start":{"line":17,"column":2},"end":{"line":31,"column":4}}},"fnMap":{"0":{"name":"IconSymbol","decl":{"start":{"line":4,"column":16},"end":{"line":4,"column":26}},"loc":{"start":{"line":16,"column":3},"end":{"line":32,"column":1}},"line":16}},"branchMap":{"0":{"loc":{"start":{"line":6,"column":2},"end":{"line":6,"column":11}},"type":"default-arg","locations":[{"start":{"line":6,"column":9},"end":{"line":6,"column":11}}],"line":6},"1":{"loc":{"start":{"line":9,"column":2},"end":{"line":9,"column":20}},"type":"default-arg","locations":[{"start":{"line":9,"column":11},"end":{"line":9,"column":20}}],"line":9}},"s":{"0":0},"f":{"0":0},"b":{"0":[0],"1":[0]}}
,"/home/etec/Documentos/pastillero/components/ui/IconSymbol.tsx": {"path":"/home/etec/Documentos/pastillero/components/ui/IconSymbol.tsx","statementMap":{"0":{"start":{"line":16,"column":16},"end":{"line":21,"column":16}},"1":{"start":{"line":40,"column":2},"end":{"line":40,"column":88}}},"fnMap":{"0":{"name":"IconSymbol","decl":{"start":{"line":28,"column":16},"end":{"line":28,"column":26}},"loc":{"start":{"line":39,"column":3},"end":{"line":41,"column":1}},"line":39}},"branchMap":{"0":{"loc":{"start":{"line":30,"column":2},"end":{"line":30,"column":11}},"type":"default-arg","locations":[{"start":{"line":30,"column":9},"end":{"line":30,"column":11}}],"line":30}},"s":{"0":0,"1":0},"f":{"0":0},"b":{"0":[0]}}
,"/home/etec/Documentos/pastillero/components/ui/TabBarBackground.ios.tsx": {"path":"/home/etec/Documentos/pastillero/components/ui/TabBarBackground.ios.tsx","statementMap":{"0":{"start":{"line":6,"column":2},"end":{"line":14,"column":4}},"1":{"start":{"line":18,"column":2},"end":{"line":18,"column":33}}},"fnMap":{"0":{"name":"BlurTabBarBackground","decl":{"start":{"line":5,"column":24},"end":{"line":5,"column":44}},"loc":{"start":{"line":5,"column":47},"end":{"line":15,"column":1}},"line":5},"1":{"name":"useBottomTabOverflow","decl":{"start":{"line":17,"column":16},"end":{"line":17,"column":36}},"loc":{"start":{"line":17,"column":39},"end":{"line":19,"column":1}},"line":17}},"branchMap":{},"s":{"0":0,"1":0},"f":{"0":0,"1":0},"b":{}}
,"/home/etec/Documentos/pastillero/components/ui/TabBarBackground.tsx": {"path":"/home/etec/Documentos/pastillero/components/ui/TabBarBackground.tsx","statementMap":{"0":{"start":{"line":5,"column":2},"end":{"line":5,"column":11}}},"fnMap":{"0":{"name":"useBottomTabOverflow","decl":{"start":{"line":4,"column":16},"end":{"line":4,"column":36}},"loc":{"start":{"line":4,"column":39},"end":{"line":6,"column":1}},"line":4}},"branchMap":{},"s":{"0":0},"f":{"0":0},"b":{}}
,"/home/etec/Documentos/pastillero/constants/Colors.ts": {"path":"/home/etec/Documentos/pastillero/constants/Colors.ts","statementMap":{"0":{"start":{"line":6,"column":23},"end":{"line":6,"column":32}},"1":{"start":{"line":7,"column":22},"end":{"line":7,"column":28}},"2":{"start":{"line":9,"column":22},"end":{"line":26,"column":1}}},"fnMap":{},"branchMap":{},"s":{"0":0,"1":0,"2":0},"f":{},"b":{}}
,"/home/etec/Documentos/pastillero/hooks/useColorScheme.ts": {"path":"/home/etec/Documentos/pastillero/hooks/useColorScheme.ts","statementMap":{},"fnMap":{},"branchMap":{},"s":{},"f":{},"b":{}}
,"/home/etec/Documentos/pastillero/hooks/useColorScheme.web.ts": {"path":"/home/etec/Documentos/pastillero/hooks/useColorScheme.web.ts","statementMap":{"0":{"start":{"line":8,"column":40},"end":{"line":8,"column":55}},"1":{"start":{"line":10,"column":2},"end":{"line":12,"column":9}},"2":{"start":{"line":11,"column":4},"end":{"line":11,"column":25}},"3":{"start":{"line":14,"column":22},"end":{"line":14,"column":40}},"4":{"start":{"line":16,"column":2},"end":{"line":18,"column":3}},"5":{"start":{"line":17,"column":4},"end":{"line":17,"column":23}},"6":{"start":{"line":20,"column":2},"end":{"line":20,"column":17}}},"fnMap":{"0":{"name":"useColorScheme","decl":{"start":{"line":7,"column":16},"end":{"line":7,"column":30}},"loc":{"start":{"line":7,"column":33},"end":{"line":21,"column":1}},"line":7},"1":{"name":"(anonymous_1)","decl":{"start":{"line":10,"column":12},"end":{"line":10,"column":13}},"loc":{"start":{"line":10,"column":18},"end":{"line":12,"column":3}},"line":10}},"branchMap":{"0":{"loc":{"start":{"line":16,"column":2},"end":{"line":18,"column":3}},"type":"if","locations":[{"start":{"line":16,"column":2},"end":{"line":18,"column":3}},{"start":{},"end":{}}],"line":16}},"s":{"0":0,"1":0,"2":0,"3":0,"4":0,"5":0,"6":0},"f":{"0":0,"1":0},"b":{"0":[0,0]}}
,"/home/etec/Documentos/pastillero/hooks/useThemeColor.ts": {"path":"/home/etec/Documentos/pastillero/hooks/useThemeColor.ts","statementMap":{"0":{"start":{"line":13,"column":16},"end":{"line":13,"column":43}},"1":{"start":{"line":14,"column":25},"end":{"line":14,"column":37}},"2":{"start":{"line":16,"column":2},"end":{"line":20,"column":3}},"3":{"start":{"line":17,"column":4},"end":{"line":17,"column":26}},"4":{"start":{"line":19,"column":4},"end":{"line":19,"column":36}}},"fnMap":{"0":{"name":"useThemeColor","decl":{"start":{"line":9,"column":16},"end":{"line":9,"column":29}},"loc":{"start":{"line":12,"column":2},"end":{"line":21,"column":1}},"line":12}},"branchMap":{"0":{"loc":{"start":{"line":13,"column":16},"end":{"line":13,"column":43}},"type":"binary-expr","locations":[{"start":{"line":13,"column":16},"end":{"line":13,"column":32}},{"start":{"line":13,"column":36},"end":{"line":13,"column":43}}],"line":13},"1":{"loc":{"start":{"line":16,"column":2},"end":{"line":20,"column":3}},"type":"if","locations":[{"start":{"line":16,"column":2},"end":{"line":20,"column":3}},{"start":{"line":18,"column":9},"end":{"line":20,"column":3}}],"line":16}},"s":{"0":0,"1":0,"2":0,"3":0,"4":0},"f":{"0":0},"b":{"0":[0,0],"1":[0,0]}}
,"/home/etec/Documentos/pastillero/scripts/reset-project.js": {"path":"/home/etec/Documentos/pastillero/scripts/reset-project.js","statementMap":{"0":{"start":{"line":9,"column":11},"end":{"line":9,"column":24}},"1":{"start":{"line":10,"column":13},"end":{"line":10,"column":28}},"2":{"start":{"line":11,"column":17},"end":{"line":11,"column":36}},"3":{"start":{"line":13,"column":13},"end":{"line":13,"column":26}},"4":{"start":{"line":14,"column":16},"end":{"line":14,"column":70}},"5":{"start":{"line":15,"column":19},"end":{"line":15,"column":32}},"6":{"start":{"line":16,"column":18},"end":{"line":16,"column":23}},"7":{"start":{"line":17,"column":23},"end":{"line":17,"column":50}},"8":{"start":{"line":19,"column":21},"end":{"line":34,"column":1}},"9":{"start":{"line":36,"column":22},"end":{"line":41,"column":1}},"10":{"start":{"line":43,"column":11},"end":{"line":46,"column":2}},"11":{"start":{"line":48,"column":24},"end":{"line":99,"column":1}},"12":{"start":{"line":49,"column":2},"end":{"line":98,"column":3}},"13":{"start":{"line":50,"column":4},"end":{"line":54,"column":5}},"14":{"start":{"line":52,"column":6},"end":{"line":52,"column":67}},"15":{"start":{"line":53,"column":6},"end":{"line":53,"column":58}},"16":{"start":{"line":57,"column":4},"end":{"line":71,"column":5}},"17":{"start":{"line":58,"column":25},"end":{"line":58,"column":45}},"18":{"start":{"line":59,"column":6},"end":{"line":70,"column":7}},"19":{"start":{"line":60,"column":8},"end":{"line":67,"column":9}},"20":{"start":{"line":61,"column":29},"end":{"line":61,"column":61}},"21":{"start":{"line":62,"column":10},"end":{"line":62,"column":59}},"22":{"start":{"line":63,"column":10},"end":{"line":63,"column":68}},"23":{"start":{"line":65,"column":10},"end":{"line":65,"column":77}},"24":{"start":{"line":66,"column":10},"end":{"line":66,"column":44}},"25":{"start":{"line":69,"column":8},"end":{"line":69,"column":60}},"26":{"start":{"line":74,"column":26},"end":{"line":74,"column":52}},"27":{"start":{"line":75,"column":4},"end":{"line":75,"column":64}},"28":{"start":{"line":76,"column":4},"end":{"line":76,"column":52}},"29":{"start":{"line":79,"column":22},"end":{"line":79,"column":59}},"30":{"start":{"line":80,"column":4},"end":{"line":80,"column":57}},"31":{"start":{"line":81,"column":4},"end":{"line":81,"column":45}},"32":{"start":{"line":84,"column":23},"end":{"line":84,"column":62}},"33":{"start":{"line":85,"column":4},"end":{"line":85,"column":59}},"34":{"start":{"line":86,"column":4},"end":{"line":86,"column":47}},"35":{"start":{"line":88,"column":4},"end":{"line":88,"column":59}},"36":{"start":{"line":89,"column":4},"end":{"line":95,"column":6}},"37":{"start":{"line":97,"column":4},"end":{"line":97,"column":71}},"38":{"start":{"line":101,"column":0},"end":{"line":112,"column":2}},"39":{"start":{"line":104,"column":22},"end":{"line":104,"column":56}},"40":{"start":{"line":105,"column":4},"end":{"line":110,"column":5}},"41":{"start":{"line":106,"column":6},"end":{"line":106,"column":59}},"42":{"start":{"line":106,"column":47},"end":{"line":106,"column":57}},"43":{"start":{"line":108,"column":6},"end":{"line":108,"column":63}},"44":{"start":{"line":109,"column":6},"end":{"line":109,"column":17}}},"fnMap":{"0":{"name":"(anonymous_0)","decl":{"start":{"line":48,"column":24},"end":{"line":48,"column":25}},"loc":{"start":{"line":48,"column":45},"end":{"line":99,"column":1}},"line":48},"1":{"name":"(anonymous_1)","decl":{"start":{"line":103,"column":2},"end":{"line":103,"column":3}},"loc":{"start":{"line":103,"column":14},"end":{"line":111,"column":3}},"line":103},"2":{"name":"(anonymous_2)","decl":{"start":{"line":106,"column":41},"end":{"line":106,"column":42}},"loc":{"start":{"line":106,"column":47},"end":{"line":106,"column":57}},"line":106}},"branchMap":{"0":{"loc":{"start":{"line":50,"column":4},"end":{"line":54,"column":5}},"type":"if","locations":[{"start":{"line":50,"column":4},"end":{"line":54,"column":5}},{"start":{},"end":{}}],"line":50},"1":{"loc":{"start":{"line":59,"column":6},"end":{"line":70,"column":7}},"type":"if","locations":[{"start":{"line":59,"column":6},"end":{"line":70,"column":7}},{"start":{"line":68,"column":13},"end":{"line":70,"column":7}}],"line":59},"2":{"loc":{"start":{"line":60,"column":8},"end":{"line":67,"column":9}},"type":"if","locations":[{"start":{"line":60,"column":8},"end":{"line":67,"column":9}},{"start":{"line":64,"column":15},"end":{"line":67,"column":9}}],"line":60},"3":{"loc":{"start":{"line":91,"column":8},"end":{"line":93,"column":14}},"type":"cond-expr","locations":[{"start":{"line":92,"column":12},"end":{"line":92,"column":87}},{"start":{"line":93,"column":12},"end":{"line":93,"column":14}}],"line":91},"4":{"loc":{"start":{"line":104,"column":22},"end":{"line":104,"column":56}},"type":"binary-expr","locations":[{"start":{"line":104,"column":22},"end":{"line":104,"column":49}},{"start":{"line":104,"column":53},"end":{"line":104,"column":56}}],"line":104},"5":{"loc":{"start":{"line":105,"column":4},"end":{"line":110,"column":5}},"type":"if","locations":[{"start":{"line":105,"column":4},"end":{"line":110,"column":5}},{"start":{"line":107,"column":11},"end":{"line":110,"column":5}}],"line":105},"6":{"loc":{"start":{"line":105,"column":8},"end":{"line":105,"column":46}},"type":"binary-expr","locations":[{"start":{"line":105,"column":8},"end":{"line":105,"column":25}},{"start":{"line":105,"column":29},"end":{"line":105,"column":46}}],"line":105}},"s":{"0":0,"1":0,"2":0,"3":0,"4":0,"5":0,"6":0,"7":0,"8":0,"9":0,"10":0,"11":0,"12":0,"13":0,"14":0,"15":0,"16":0,"17":0,"18":0,"19":0,"20":0,"21":0,"22":0,"23":0,"24":0,"25":0,"26":0,"27":0,"28":0,"29":0,"30":0,"31":0,"32":0,"33":0,"34":0,"35":0,"36":0,"37":0,"38":0,"39":0,"40":0,"41":0,"42":0,"43":0,"44":0},"f":{"0":0,"1":0,"2":0},"b":{"0":[0,0],"1":[0,0],"2":[0,0],"3":[0,0],"4":[0,0],"5":[0,0],"6":[0,0]}}
}
